[0m19:15:06.928688 [debug] [MainThread]: Sending event: {'category': 'dbt', 'action': 'invocation', 'label': 'start', 'context': [<snowplow_tracker.self_describing_json.SelfDescribingJson object at 0x000001602B0262D0>, <snowplow_tracker.self_describing_json.SelfDescribingJson object at 0x0000016028A89D30>, <snowplow_tracker.self_describing_json.SelfDescribingJson object at 0x000001602AC73AA0>]}


============================== 19:15:06.942341 | 870a319e-1380-46b2-934a-0b48d16fb12a ==============================
[0m19:15:06.942341 [info ] [MainThread]: Running with dbt=1.11.7
[0m19:15:06.943406 [debug] [MainThread]: running dbt with arguments {'static_parser': 'True', 'no_print': 'None', 'version_check': 'True', 'warn_error_options': 'WarnErrorOptionsV2(error=[], warn=[], silence=[])', 'target_path': 'None', 'printer_width': '80', 'write_json': 'True', 'introspect': 'True', 'log_cache_events': 'False', 'empty': 'None', 'cache_selected_only': 'False', 'fail_fast': 'False', 'debug': 'False', 'log_format': 'default', 'partial_parse': 'True', 'send_anonymous_usage_stats': 'True', 'quiet': 'False', 'warn_error': 'None', 'profiles_dir': 'C:\\Users\\11339\\.dbt', 'use_colors': 'True', 'indirect_selection': 'eager', 'invocation_command': 'dbt init', 'use_experimental_parser': 'False', 'log_path': 'logs'}
[0m19:15:07.081964 [info ] [MainThread]: Creating dbt configuration folder at C:\Users\11339\.dbt
[0m19:16:06.087492 [debug] [MainThread]: Starter project path: C:\Users\11339\Documents\engenharia_aplicada\.venv\Lib\site-packages\dbt\include\starter_project
[0m19:16:06.141006 [info ] [MainThread]: 
Your new dbt project "ecommerce" was created!

For more information on how to configure the profiles.yml file,
please consult the dbt documentation here:

  https://docs.getdbt.com/docs/configure-your-profile

One more thing:

Need help? Don't hesitate to reach out to us via GitHub issues or on Slack:

  https://community.getdbt.com/

Happy modeling!

[0m19:16:06.142121 [info ] [MainThread]: Setting up your profile.
[0m20:03:31.689987 [error] [MainThread]: Encountered an error:

[0m20:03:31.719025 [error] [MainThread]: Traceback (most recent call last):
  File "C:\Users\11339\Documents\engenharia_aplicada\.venv\Lib\site-packages\dbt\cli\requires.py", line 182, in wrapper
    result, success = func(*args, **kwargs)
                      ^^^^^^^^^^^^^^^^^^^^^
  File "C:\Users\11339\Documents\engenharia_aplicada\.venv\Lib\site-packages\dbt\cli\requires.py", line 128, in wrapper
    return func(*args, **kwargs)
           ^^^^^^^^^^^^^^^^^^^^^
  File "C:\Users\11339\Documents\engenharia_aplicada\.venv\Lib\site-packages\dbt\cli\main.py", line 483, in init
    results = task.run()
              ^^^^^^^^^^
  File "C:\Users\11339\Documents\engenharia_aplicada\.venv\Lib\site-packages\dbt\task\init.py", line 346, in run
    self.setup_profile(profile_name)
  File "C:\Users\11339\Documents\engenharia_aplicada\.venv\Lib\site-packages\dbt\task\init.py", line 262, in setup_profile
    self.create_profile_from_target(adapter, profile_name=profile_name)
  File "C:\Users\11339\Documents\engenharia_aplicada\.venv\Lib\site-packages\dbt\task\init.py", line 179, in create_profile_from_target
    self.create_profile_from_profile_template(profile_template, profile_name)
  File "C:\Users\11339\Documents\engenharia_aplicada\.venv\Lib\site-packages\dbt\task\init.py", line 163, in create_profile_from_profile_template
    target = self.generate_target_from_input(prompts, initial_target)
             ^^^^^^^^^^^^^^^^^^^^^^^^^^^^^^^^^^^^^^^^^^^^^^^^^^^^^^^^
  File "C:\Users\11339\Documents\engenharia_aplicada\.venv\Lib\site-packages\dbt\task\init.py", line 129, in generate_target_from_input
    target[key] = click.prompt(
                  ^^^^^^^^^^^^^
  File "C:\Users\11339\Documents\engenharia_aplicada\.venv\Lib\site-packages\click\termui.py", line 171, in prompt
    value = prompt_func(prompt)
            ^^^^^^^^^^^^^^^^^^^
  File "C:\Users\11339\Documents\engenharia_aplicada\.venv\Lib\site-packages\click\termui.py", line 154, in prompt_func
    raise Abort() from None
click.exceptions.Abort

[0m20:03:31.724230 [debug] [MainThread]: Command `dbt init` failed at 20:03:31.724230 after 2904.98 seconds
[0m20:03:31.727632 [debug] [MainThread]: Sending event: {'category': 'dbt', 'action': 'invocation', 'label': 'end', 'context': [<snowplow_tracker.self_describing_json.SelfDescribingJson object at 0x000001602A66F0B0>, <snowplow_tracker.self_describing_json.SelfDescribingJson object at 0x000001602C4F8EF0>, <snowplow_tracker.self_describing_json.SelfDescribingJson object at 0x000001602C17EFF0>]}
[0m20:03:31.729138 [debug] [MainThread]: Flushing usage events
[0m20:03:32.988453 [debug] [MainThread]: An error was encountered while trying to flush usage events
[0m20:03:38.507715 [debug] [MainThread]: Sending event: {'category': 'dbt', 'action': 'invocation', 'label': 'start', 'context': [<snowplow_tracker.self_describing_json.SelfDescribingJson object at 0x000002664F69F6E0>, <snowplow_tracker.self_describing_json.SelfDescribingJson object at 0x000002664EB3BBC0>, <snowplow_tracker.self_describing_json.SelfDescribingJson object at 0x000002664E3F6120>]}


============================== 20:03:38.512387 | 84953159-6b25-4885-b8ad-d5c27cd9664a ==============================
[0m20:03:38.512387 [info ] [MainThread]: Running with dbt=1.11.7
[0m20:03:38.513441 [debug] [MainThread]: running dbt with arguments {'version_check': 'True', 'no_print': 'None', 'static_parser': 'True', 'warn_error_options': 'WarnErrorOptionsV2(error=[], warn=[], silence=[])', 'target_path': 'None', 'printer_width': '80', 'write_json': 'True', 'empty': 'None', 'log_cache_events': 'False', 'introspect': 'True', 'cache_selected_only': 'False', 'log_format': 'default', 'debug': 'False', 'fail_fast': 'False', 'profiles_dir': 'C:\\Users\\11339\\.dbt', 'send_anonymous_usage_stats': 'True', 'quiet': 'False', 'warn_error': 'None', 'partial_parse': 'True', 'indirect_selection': 'eager', 'use_colors': 'True', 'invocation_command': 'dbt init', 'use_experimental_parser': 'False', 'log_path': 'logs'}
[0m20:03:51.688266 [info ] [MainThread]: A project called ecommerce already exists here.
[0m20:03:51.688266 [debug] [MainThread]: Command `dbt init` succeeded at 20:03:51.688266 after 13.41 seconds
[0m20:03:51.688266 [debug] [MainThread]: Sending event: {'category': 'dbt', 'action': 'invocation', 'label': 'end', 'context': [<snowplow_tracker.self_describing_json.SelfDescribingJson object at 0x000002664E631C40>, <snowplow_tracker.self_describing_json.SelfDescribingJson object at 0x000002664EFE0860>, <snowplow_tracker.self_describing_json.SelfDescribingJson object at 0x000002664CFEDB20>]}
[0m20:03:51.688266 [debug] [MainThread]: Flushing usage events
[0m20:03:52.751617 [debug] [MainThread]: An error was encountered while trying to flush usage events
[0m20:05:15.363722 [debug] [MainThread]: Sending event: {'category': 'dbt', 'action': 'invocation', 'label': 'start', 'context': [<snowplow_tracker.self_describing_json.SelfDescribingJson object at 0x000002410C0B4EF0>, <snowplow_tracker.self_describing_json.SelfDescribingJson object at 0x0000024109FE8FE0>, <snowplow_tracker.self_describing_json.SelfDescribingJson object at 0x000002410B98B9E0>]}


============================== 20:05:15.368661 | 1e8a0017-fa8c-4ed2-9fc0-b1dbddac619a ==============================
[0m20:05:15.368661 [info ] [MainThread]: Running with dbt=1.11.7
[0m20:05:15.368661 [debug] [MainThread]: running dbt with arguments {'static_parser': 'True', 'no_print': 'None', 'version_check': 'True', 'warn_error_options': 'WarnErrorOptionsV2(error=[], warn=[], silence=[])', 'target_path': 'None', 'printer_width': '80', 'write_json': 'True', 'introspect': 'True', 'log_cache_events': 'False', 'empty': 'None', 'cache_selected_only': 'False', 'fail_fast': 'False', 'debug': 'False', 'log_format': 'default', 'partial_parse': 'True', 'send_anonymous_usage_stats': 'True', 'quiet': 'False', 'warn_error': 'None', 'profiles_dir': 'C:\\Users\\11339\\.dbt', 'use_colors': 'True', 'indirect_selection': 'eager', 'invocation_command': 'dbt init', 'use_experimental_parser': 'False', 'log_path': 'logs'}
[0m20:05:19.839182 [debug] [MainThread]: Starter project path: C:\Users\11339\Documents\engenharia_aplicada\.venv\Lib\site-packages\dbt\include\starter_project
[0m20:05:19.899924 [info ] [MainThread]: 
Your new dbt project "ecommerce" was created!

For more information on how to configure the profiles.yml file,
please consult the dbt documentation here:

  https://docs.getdbt.com/docs/configure-your-profile

One more thing:

Need help? Don't hesitate to reach out to us via GitHub issues or on Slack:

  https://community.getdbt.com/

Happy modeling!

[0m20:05:19.901679 [info ] [MainThread]: Setting up your profile.
[0m20:10:47.389530 [error] [MainThread]: Encountered an error:

[0m20:10:47.410180 [error] [MainThread]: Traceback (most recent call last):
  File "C:\Users\11339\Documents\engenharia_aplicada\.venv\Lib\site-packages\dbt\cli\requires.py", line 182, in wrapper
    result, success = func(*args, **kwargs)
                      ^^^^^^^^^^^^^^^^^^^^^
  File "C:\Users\11339\Documents\engenharia_aplicada\.venv\Lib\site-packages\dbt\cli\requires.py", line 128, in wrapper
    return func(*args, **kwargs)
           ^^^^^^^^^^^^^^^^^^^^^
  File "C:\Users\11339\Documents\engenharia_aplicada\.venv\Lib\site-packages\dbt\cli\main.py", line 483, in init
    results = task.run()
              ^^^^^^^^^^
  File "C:\Users\11339\Documents\engenharia_aplicada\.venv\Lib\site-packages\dbt\task\init.py", line 346, in run
    self.setup_profile(profile_name)
  File "C:\Users\11339\Documents\engenharia_aplicada\.venv\Lib\site-packages\dbt\task\init.py", line 262, in setup_profile
    self.create_profile_from_target(adapter, profile_name=profile_name)
  File "C:\Users\11339\Documents\engenharia_aplicada\.venv\Lib\site-packages\dbt\task\init.py", line 179, in create_profile_from_target
    self.create_profile_from_profile_template(profile_template, profile_name)
  File "C:\Users\11339\Documents\engenharia_aplicada\.venv\Lib\site-packages\dbt\task\init.py", line 163, in create_profile_from_profile_template
    target = self.generate_target_from_input(prompts, initial_target)
             ^^^^^^^^^^^^^^^^^^^^^^^^^^^^^^^^^^^^^^^^^^^^^^^^^^^^^^^^
  File "C:\Users\11339\Documents\engenharia_aplicada\.venv\Lib\site-packages\dbt\task\init.py", line 129, in generate_target_from_input
    target[key] = click.prompt(
                  ^^^^^^^^^^^^^
  File "C:\Users\11339\Documents\engenharia_aplicada\.venv\Lib\site-packages\click\termui.py", line 171, in prompt
    value = prompt_func(prompt)
            ^^^^^^^^^^^^^^^^^^^
  File "C:\Users\11339\Documents\engenharia_aplicada\.venv\Lib\site-packages\click\termui.py", line 154, in prompt_func
    raise Abort() from None
click.exceptions.Abort

[0m20:10:47.412981 [debug] [MainThread]: Command `dbt init` failed at 20:10:47.412981 after 332.29 seconds
[0m20:10:47.414682 [debug] [MainThread]: Sending event: {'category': 'dbt', 'action': 'invocation', 'label': 'end', 'context': [<snowplow_tracker.self_describing_json.SelfDescribingJson object at 0x000002410C081790>, <snowplow_tracker.self_describing_json.SelfDescribingJson object at 0x000002410BC892B0>, <snowplow_tracker.self_describing_json.SelfDescribingJson object at 0x000002410D7CB5F0>]}
[0m20:10:47.415803 [debug] [MainThread]: Flushing usage events
[0m20:10:48.532304 [debug] [MainThread]: An error was encountered while trying to flush usage events
[0m20:11:04.609452 [debug] [MainThread]: Sending event: {'category': 'dbt', 'action': 'invocation', 'label': 'start', 'context': [<snowplow_tracker.self_describing_json.SelfDescribingJson object at 0x0000023881810740>, <snowplow_tracker.self_describing_json.SelfDescribingJson object at 0x000002388185E2D0>, <snowplow_tracker.self_describing_json.SelfDescribingJson object at 0x0000023881778860>]}


============================== 20:11:04.618305 | 977d60f5-ecaa-4ea4-be85-d762506cf42d ==============================
[0m20:11:04.618305 [info ] [MainThread]: Running with dbt=1.11.7
[0m20:11:04.619311 [debug] [MainThread]: running dbt with arguments {'static_parser': 'True', 'no_print': 'None', 'version_check': 'True', 'warn_error_options': 'WarnErrorOptionsV2(error=[], warn=[], silence=[])', 'target_path': 'None', 'printer_width': '80', 'write_json': 'True', 'empty': 'None', 'log_cache_events': 'False', 'introspect': 'True', 'cache_selected_only': 'False', 'fail_fast': 'False', 'debug': 'False', 'log_format': 'default', 'partial_parse': 'True', 'send_anonymous_usage_stats': 'True', 'quiet': 'False', 'warn_error': 'None', 'profiles_dir': 'C:\\Users\\11339\\.dbt', 'use_colors': 'True', 'indirect_selection': 'eager', 'invocation_command': 'dbt init', 'use_experimental_parser': 'False', 'log_path': 'logs'}
[0m20:11:12.015632 [info ] [MainThread]: A project called ecommerce already exists here.
[0m20:11:12.015632 [debug] [MainThread]: Command `dbt init` succeeded at 20:11:12.015632 after 7.64 seconds
[0m20:11:12.019945 [debug] [MainThread]: Sending event: {'category': 'dbt', 'action': 'invocation', 'label': 'end', 'context': [<snowplow_tracker.self_describing_json.SelfDescribingJson object at 0x00000238FF67D820>, <snowplow_tracker.self_describing_json.SelfDescribingJson object at 0x0000023881B28890>, <snowplow_tracker.self_describing_json.SelfDescribingJson object at 0x0000023881F50CE0>]}
[0m20:11:12.019945 [debug] [MainThread]: Flushing usage events
[0m20:11:13.059589 [debug] [MainThread]: An error was encountered while trying to flush usage events
[0m20:11:21.839402 [debug] [MainThread]: Sending event: {'category': 'dbt', 'action': 'invocation', 'label': 'start', 'context': [<snowplow_tracker.self_describing_json.SelfDescribingJson object at 0x0000021B7C244080>, <snowplow_tracker.self_describing_json.SelfDescribingJson object at 0x0000021B7C3CE2D0>, <snowplow_tracker.self_describing_json.SelfDescribingJson object at 0x0000021B7B32D730>]}


============================== 20:11:21.851338 | 0ba9a6e4-c1dd-477b-9edc-1643247e3771 ==============================
[0m20:11:21.851338 [info ] [MainThread]: Running with dbt=1.11.7
[0m20:11:21.852848 [debug] [MainThread]: running dbt with arguments {'static_parser': 'True', 'no_print': 'None', 'version_check': 'True', 'target_path': 'None', 'warn_error_options': 'WarnErrorOptionsV2(error=[], warn=[], silence=[])', 'printer_width': '80', 'write_json': 'True', 'empty': 'None', 'log_cache_events': 'False', 'introspect': 'True', 'cache_selected_only': 'False', 'fail_fast': 'False', 'debug': 'False', 'log_format': 'default', 'profiles_dir': 'C:\\Users\\11339\\.dbt', 'send_anonymous_usage_stats': 'True', 'quiet': 'False', 'warn_error': 'None', 'partial_parse': 'True', 'use_colors': 'True', 'indirect_selection': 'eager', 'invocation_command': 'dbt init', 'use_experimental_parser': 'False', 'log_path': 'logs'}
[0m20:11:24.723619 [debug] [MainThread]: Starter project path: C:\Users\11339\Documents\engenharia_aplicada\.venv\Lib\site-packages\dbt\include\starter_project
[0m20:11:24.764188 [info ] [MainThread]: 
Your new dbt project "ecommerce" was created!

For more information on how to configure the profiles.yml file,
please consult the dbt documentation here:

  https://docs.getdbt.com/docs/configure-your-profile

One more thing:

Need help? Don't hesitate to reach out to us via GitHub issues or on Slack:

  https://community.getdbt.com/

Happy modeling!

[0m20:11:24.769383 [info ] [MainThread]: Setting up your profile.
[0m20:13:33.286072 [info ] [MainThread]: Profile ecommerce written to C:\Users\11339\.dbt\profiles.yml using target's profile_template.yml and your supplied values. Run 'dbt debug' to validate the connection.
[0m20:13:33.289645 [debug] [MainThread]: Command `dbt init` succeeded at 20:13:33.287609 after 131.67 seconds
[0m20:13:33.289645 [debug] [MainThread]: Sending event: {'category': 'dbt', 'action': 'invocation', 'label': 'end', 'context': [<snowplow_tracker.self_describing_json.SelfDescribingJson object at 0x0000021B7B8B9400>, <snowplow_tracker.self_describing_json.SelfDescribingJson object at 0x0000021B7B8B9700>, <snowplow_tracker.self_describing_json.SelfDescribingJson object at 0x0000021B7C3CE2D0>]}
[0m20:13:33.289645 [debug] [MainThread]: Flushing usage events
[0m20:13:34.930567 [debug] [MainThread]: An error was encountered while trying to flush usage events
[0m20:14:08.373348 [debug] [MainThread]: Sending event: {'category': 'dbt', 'action': 'invocation', 'label': 'start', 'context': [<snowplow_tracker.self_describing_json.SelfDescribingJson object at 0x000001AAF00115E0>, <snowplow_tracker.self_describing_json.SelfDescribingJson object at 0x000001AAEFFF6300>, <snowplow_tracker.self_describing_json.SelfDescribingJson object at 0x000001AAF04835F0>]}


============================== 20:14:08.377842 | 41577cbe-ab6f-4b67-be3e-315c1e9ac124 ==============================
[0m20:14:08.377842 [info ] [MainThread]: Running with dbt=1.11.7
[0m20:14:08.377842 [debug] [MainThread]: running dbt with arguments {'version_check': 'True', 'no_print': 'None', 'static_parser': 'True', 'warn_error_options': 'WarnErrorOptionsV2(error=[], warn=[], silence=[])', 'target_path': 'None', 'printer_width': '80', 'write_json': 'True', 'introspect': 'True', 'log_cache_events': 'False', 'empty': 'None', 'cache_selected_only': 'False', 'log_format': 'default', 'debug': 'False', 'fail_fast': 'False', 'partial_parse': 'True', 'send_anonymous_usage_stats': 'True', 'quiet': 'False', 'warn_error': 'None', 'profiles_dir': 'C:\\Users\\11339\\.dbt', 'invocation_command': 'dbt debug', 'indirect_selection': 'eager', 'use_colors': 'True', 'use_experimental_parser': 'False', 'log_path': 'logs'}
[0m20:14:08.418588 [info ] [MainThread]: dbt version: 1.11.7
[0m20:14:08.419588 [info ] [MainThread]: python version: 3.12.10
[0m20:14:08.420952 [info ] [MainThread]: python path: C:\Users\11339\Documents\engenharia_aplicada\.venv\Scripts\python.exe
[0m20:14:08.420952 [info ] [MainThread]: os info: Windows-11-10.0.26100-SP0
[0m20:14:08.485008 [info ] [MainThread]: Using profiles dir at C:\Users\11339\.dbt
[0m20:14:08.486013 [info ] [MainThread]: Using profiles.yml file at C:\Users\11339\.dbt\profiles.yml
[0m20:14:08.486013 [info ] [MainThread]: Using dbt_project.yml file at C:\Users\11339\Documents\engenharia_aplicada\dbt_project.yml
[0m20:14:08.489869 [info ] [MainThread]: adapter type: postgres
[0m20:14:08.489869 [info ] [MainThread]: adapter version: 1.10.0
[0m20:14:08.489869 [info ] [MainThread]: Configuration:
[0m20:14:08.493007 [info ] [MainThread]:   profiles.yml file [[32mOK found and valid[0m]
[0m20:14:08.493007 [info ] [MainThread]:   dbt_project.yml file [[31mERROR not found[0m]
[0m20:14:08.493007 [info ] [MainThread]: Required dependencies:
[0m20:14:08.494973 [debug] [MainThread]: Executing "git --help"
[0m20:14:08.561621 [debug] [MainThread]: STDOUT: "b"usage: git [-v | --version] [-h | --help] [-C <path>] [-c <name>=<value>]\n           [--exec-path[=<path>]] [--html-path] [--man-path] [--info-path]\n           [-p | --paginate | -P | --no-pager] [--no-replace-objects] [--no-lazy-fetch]\n           [--no-optional-locks] [--no-advice] [--bare] [--git-dir=<path>]\n           [--work-tree=<path>] [--namespace=<name>] [--config-env=<name>=<envvar>]\n           <command> [<args>]\n\nThese are common Git commands used in various situations:\n\nstart a working area (see also: git help tutorial)\n   clone      Clone a repository into a new directory\n   init       Create an empty Git repository or reinitialize an existing one\n\nwork on the current change (see also: git help everyday)\n   add        Add file contents to the index\n   mv         Move or rename a file, a directory, or a symlink\n   restore    Restore working tree files\n   rm         Remove files from the working tree and from the index\n\nexamine the history and state (see also: git help revisions)\n   bisect     Use binary search to find the commit that introduced a bug\n   diff       Show changes between commits, commit and working tree, etc\n   grep       Print lines matching a pattern\n   log        Show commit logs\n   show       Show various types of objects\n   status     Show the working tree status\n\ngrow, mark and tweak your common history\n   backfill   Download missing objects in a partial clone\n   branch     List, create, or delete branches\n   commit     Record changes to the repository\n   merge      Join two or more development histories together\n   rebase     Reapply commits on top of another base tip\n   reset      Reset current HEAD to the specified state\n   switch     Switch branches\n   tag        Create, list, delete or verify a tag object signed with GPG\n\ncollaborate (see also: git help workflows)\n   fetch      Download objects and refs from another repository\n   pull       Fetch from and integrate with another repository or a local branch\n   push       Update remote refs along with associated objects\n\n'git help -a' and 'git help -g' list available subcommands and some\nconcept guides. See 'git help <command>' or 'git help <concept>'\nto read about a specific subcommand or concept.\nSee 'git help git' for an overview of the system.\n""
[0m20:14:08.563406 [debug] [MainThread]: STDERR: "b''"
[0m20:14:08.563406 [info ] [MainThread]:  - git [[32mOK found[0m]

[0m20:14:08.563406 [info ] [MainThread]: Connection:
[0m20:14:08.565195 [info ] [MainThread]:   host: aws-0-us-west-2.pooler.supabase.com
[0m20:14:08.565195 [info ] [MainThread]:   port: 5432
[0m20:14:08.565195 [info ] [MainThread]:   user: postgres.smrgmipxbxqcclbcbsah
[0m20:14:08.566201 [info ] [MainThread]:   database: postgres
[0m20:14:08.566201 [info ] [MainThread]:   schema: public
[0m20:14:08.566201 [info ] [MainThread]:   connect_timeout: 10
[0m20:14:08.567201 [info ] [MainThread]:   role: None
[0m20:14:08.567201 [info ] [MainThread]:   search_path: None
[0m20:14:08.568200 [info ] [MainThread]:   keepalives_idle: 0
[0m20:14:08.568200 [info ] [MainThread]:   sslmode: None
[0m20:14:08.568200 [info ] [MainThread]:   sslcert: None
[0m20:14:08.568200 [info ] [MainThread]:   sslkey: None
[0m20:14:08.568200 [info ] [MainThread]:   sslrootcert: None
[0m20:14:08.569705 [info ] [MainThread]:   application_name: dbt
[0m20:14:08.569705 [info ] [MainThread]:   retries: 1
[0m20:14:08.570712 [info ] [MainThread]: Registered adapter: postgres=1.10.0
[0m20:14:08.823466 [debug] [MainThread]: Acquiring new postgres connection 'debug'
[0m20:14:08.929422 [debug] [MainThread]: Using postgres connection "debug"
[0m20:14:08.931428 [debug] [MainThread]: On debug: select 1 as id
[0m20:14:08.931428 [debug] [MainThread]: Opening a new connection, currently in state init
[0m20:14:11.330733 [debug] [MainThread]: SQL status: SELECT 1 in 2.399 seconds
[0m20:14:11.331758 [debug] [MainThread]: On debug: Close
[0m20:14:11.334294 [info ] [MainThread]:   Connection test: [[32mOK connection ok[0m]

[0m20:14:11.335801 [info ] [MainThread]: [31m1 check failed:[0m
[0m20:14:11.336809 [info ] [MainThread]: Project loading failed for the following reason:
 project path <C:\Users\11339\Documents\engenharia_aplicada\dbt_project.yml> not found

[0m20:14:11.337810 [debug] [MainThread]: Command `dbt debug` failed at 20:14:11.337810 after 3.15 seconds
[0m20:14:11.338318 [debug] [MainThread]: Connection 'debug' was properly closed.
[0m20:14:11.338318 [debug] [MainThread]: Sending event: {'category': 'dbt', 'action': 'invocation', 'label': 'end', 'context': [<snowplow_tracker.self_describing_json.SelfDescribingJson object at 0x000001AAEFCF65D0>, <snowplow_tracker.self_describing_json.SelfDescribingJson object at 0x000001AAF1A9FBC0>, <snowplow_tracker.self_describing_json.SelfDescribingJson object at 0x000001AAF07FFC50>]}
[0m20:14:11.339005 [debug] [MainThread]: Flushing usage events
[0m20:14:12.376011 [debug] [MainThread]: An error was encountered while trying to flush usage events
